<?xml version="1.0" encoding="UTF-8"?>
<testsuite xmlns:xsi="http://www.w3.org/2001/XMLSchema-instance" xsi:noNamespaceSchemaLocation="https://maven.apache.org/surefire/maven-surefire-plugin/xsd/surefire-test-report-3.0.xsd" version="3.0" name="com.trainee.colors.ColorsMysqlApplicationTests" time="9.43" tests="1" errors="0" skipped="0" failures="0">
  <properties>
    <property name="java.specification.version" value="17"/>
    <property name="sun.cpu.isalist" value="amd64"/>
    <property name="sun.jnu.encoding" value="Cp1252"/>
    <property name="java.class.path" value="D:\Xpedition-Trainee-Backend\colors-mysql\target\test-classes;D:\Xpedition-Trainee-Backend\colors-mysql\target\classes;C:\Users\Angel\.m2\repository\org\springframework\boot\spring-boot-starter-data-jpa\3.1.5\spring-boot-starter-data-jpa-3.1.5.jar;C:\Users\Angel\.m2\repository\org\springframework\boot\spring-boot-starter-aop\3.1.5\spring-boot-starter-aop-3.1.5.jar;C:\Users\Angel\.m2\repository\org\springframework\spring-aop\6.0.13\spring-aop-6.0.13.jar;C:\Users\Angel\.m2\repository\org\aspectj\aspectjweaver\1.9.20\aspectjweaver-1.9.20.jar;C:\Users\Angel\.m2\repository\org\springframework\boot\spring-boot-starter-jdbc\3.1.5\spring-boot-starter-jdbc-3.1.5.jar;C:\Users\Angel\.m2\repository\com\zaxxer\HikariCP\5.0.1\HikariCP-5.0.1.jar;C:\Users\Angel\.m2\repository\org\springframework\spring-jdbc\6.0.13\spring-jdbc-6.0.13.jar;C:\Users\Angel\.m2\repository\org\hibernate\orm\hibernate-core\6.2.13.Final\hibernate-core-6.2.13.Final.jar;C:\Users\Angel\.m2\repository\jakarta\persistence\jakarta.persistence-api\3.1.0\jakarta.persistence-api-3.1.0.jar;C:\Users\Angel\.m2\repository\jakarta\transaction\jakarta.transaction-api\2.0.1\jakarta.transaction-api-2.0.1.jar;C:\Users\Angel\.m2\repository\org\jboss\logging\jboss-logging\3.5.3.Final\jboss-logging-3.5.3.Final.jar;C:\Users\Angel\.m2\repository\org\hibernate\common\hibernate-commons-annotations\6.0.6.Final\hibernate-commons-annotations-6.0.6.Final.jar;C:\Users\Angel\.m2\repository\io\smallrye\jandex\3.0.5\jandex-3.0.5.jar;C:\Users\Angel\.m2\repository\com\fasterxml\classmate\1.5.1\classmate-1.5.1.jar;C:\Users\Angel\.m2\repository\net\bytebuddy\byte-buddy\1.14.9\byte-buddy-1.14.9.jar;C:\Users\Angel\.m2\repository\org\glassfish\jaxb\jaxb-runtime\4.0.3\jaxb-runtime-4.0.3.jar;C:\Users\Angel\.m2\repository\org\glassfish\jaxb\jaxb-core\4.0.3\jaxb-core-4.0.3.jar;C:\Users\Angel\.m2\repository\org\eclipse\angus\angus-activation\2.0.1\angus-activation-2.0.1.jar;C:\Users\Angel\.m2\repository\org\glassfish\jaxb\txw2\4.0.3\txw2-4.0.3.jar;C:\Users\Angel\.m2\repository\com\sun\istack\istack-commons-runtime\4.1.2\istack-commons-runtime-4.1.2.jar;C:\Users\Angel\.m2\repository\jakarta\inject\jakarta.inject-api\2.0.1\jakarta.inject-api-2.0.1.jar;C:\Users\Angel\.m2\repository\org\antlr\antlr4-runtime\4.10.1\antlr4-runtime-4.10.1.jar;C:\Users\Angel\.m2\repository\org\springframework\data\spring-data-jpa\3.1.5\spring-data-jpa-3.1.5.jar;C:\Users\Angel\.m2\repository\org\springframework\data\spring-data-commons\3.1.5\spring-data-commons-3.1.5.jar;C:\Users\Angel\.m2\repository\org\springframework\spring-orm\6.0.13\spring-orm-6.0.13.jar;C:\Users\Angel\.m2\repository\org\springframework\spring-context\6.0.13\spring-context-6.0.13.jar;C:\Users\Angel\.m2\repository\org\springframework\spring-tx\6.0.13\spring-tx-6.0.13.jar;C:\Users\Angel\.m2\repository\org\springframework\spring-beans\6.0.13\spring-beans-6.0.13.jar;C:\Users\Angel\.m2\repository\jakarta\annotation\jakarta.annotation-api\2.1.1\jakarta.annotation-api-2.1.1.jar;C:\Users\Angel\.m2\repository\org\slf4j\slf4j-api\2.0.9\slf4j-api-2.0.9.jar;C:\Users\Angel\.m2\repository\org\springframework\spring-aspects\6.0.13\spring-aspects-6.0.13.jar;C:\Users\Angel\.m2\repository\org\springframework\boot\spring-boot-starter-validation\3.1.5\spring-boot-starter-validation-3.1.5.jar;C:\Users\Angel\.m2\repository\org\springframework\boot\spring-boot-starter\3.1.5\spring-boot-starter-3.1.5.jar;C:\Users\Angel\.m2\repository\org\springframework\boot\spring-boot\3.1.5\spring-boot-3.1.5.jar;C:\Users\Angel\.m2\repository\org\springframework\boot\spring-boot-autoconfigure\3.1.5\spring-boot-autoconfigure-3.1.5.jar;C:\Users\Angel\.m2\repository\org\springframework\boot\spring-boot-starter-logging\3.1.5\spring-boot-starter-logging-3.1.5.jar;C:\Users\Angel\.m2\repository\ch\qos\logback\logback-classic\1.4.11\logback-classic-1.4.11.jar;C:\Users\Angel\.m2\repository\ch\qos\logback\logback-core\1.4.11\logback-core-1.4.11.jar;C:\Users\Angel\.m2\repository\org\apache\logging\log4j\log4j-to-slf4j\2.20.0\log4j-to-slf4j-2.20.0.jar;C:\Users\Angel\.m2\repository\org\apache\logging\log4j\log4j-api\2.20.0\log4j-api-2.20.0.jar;C:\Users\Angel\.m2\repository\org\slf4j\jul-to-slf4j\2.0.9\jul-to-slf4j-2.0.9.jar;C:\Users\Angel\.m2\repository\org\yaml\snakeyaml\1.33\snakeyaml-1.33.jar;C:\Users\Angel\.m2\repository\org\apache\tomcat\embed\tomcat-embed-el\10.1.15\tomcat-embed-el-10.1.15.jar;C:\Users\Angel\.m2\repository\org\hibernate\validator\hibernate-validator\8.0.1.Final\hibernate-validator-8.0.1.Final.jar;C:\Users\Angel\.m2\repository\jakarta\validation\jakarta.validation-api\3.0.2\jakarta.validation-api-3.0.2.jar;C:\Users\Angel\.m2\repository\org\springframework\boot\spring-boot-starter-web\3.1.5\spring-boot-starter-web-3.1.5.jar;C:\Users\Angel\.m2\repository\org\springframework\boot\spring-boot-starter-json\3.1.5\spring-boot-starter-json-3.1.5.jar;C:\Users\Angel\.m2\repository\com\fasterxml\jackson\datatype\jackson-datatype-jdk8\2.15.3\jackson-datatype-jdk8-2.15.3.jar;C:\Users\Angel\.m2\repository\com\fasterxml\jackson\datatype\jackson-datatype-jsr310\2.15.3\jackson-datatype-jsr310-2.15.3.jar;C:\Users\Angel\.m2\repository\com\fasterxml\jackson\module\jackson-module-parameter-names\2.15.3\jackson-module-parameter-names-2.15.3.jar;C:\Users\Angel\.m2\repository\org\springframework\boot\spring-boot-starter-tomcat\3.1.5\spring-boot-starter-tomcat-3.1.5.jar;C:\Users\Angel\.m2\repository\org\apache\tomcat\embed\tomcat-embed-core\10.1.15\tomcat-embed-core-10.1.15.jar;C:\Users\Angel\.m2\repository\org\apache\tomcat\embed\tomcat-embed-websocket\10.1.15\tomcat-embed-websocket-10.1.15.jar;C:\Users\Angel\.m2\repository\org\springframework\spring-web\6.0.13\spring-web-6.0.13.jar;C:\Users\Angel\.m2\repository\io\micrometer\micrometer-observation\1.11.5\micrometer-observation-1.11.5.jar;C:\Users\Angel\.m2\repository\io\micrometer\micrometer-commons\1.11.5\micrometer-commons-1.11.5.jar;C:\Users\Angel\.m2\repository\org\springframework\spring-webmvc\6.0.13\spring-webmvc-6.0.13.jar;C:\Users\Angel\.m2\repository\org\springframework\spring-expression\6.0.13\spring-expression-6.0.13.jar;C:\Users\Angel\.m2\repository\com\mysql\mysql-connector-j\8.0.33\mysql-connector-j-8.0.33.jar;C:\Users\Angel\.m2\repository\org\projectlombok\lombok\1.18.30\lombok-1.18.30.jar;C:\Users\Angel\.m2\repository\org\springframework\boot\spring-boot-starter-test\3.1.5\spring-boot-starter-test-3.1.5.jar;C:\Users\Angel\.m2\repository\org\springframework\boot\spring-boot-test\3.1.5\spring-boot-test-3.1.5.jar;C:\Users\Angel\.m2\repository\org\springframework\boot\spring-boot-test-autoconfigure\3.1.5\spring-boot-test-autoconfigure-3.1.5.jar;C:\Users\Angel\.m2\repository\com\jayway\jsonpath\json-path\2.8.0\json-path-2.8.0.jar;C:\Users\Angel\.m2\repository\jakarta\xml\bind\jakarta.xml.bind-api\4.0.1\jakarta.xml.bind-api-4.0.1.jar;C:\Users\Angel\.m2\repository\jakarta\activation\jakarta.activation-api\2.1.2\jakarta.activation-api-2.1.2.jar;C:\Users\Angel\.m2\repository\net\minidev\json-smart\2.4.11\json-smart-2.4.11.jar;C:\Users\Angel\.m2\repository\net\minidev\accessors-smart\2.4.11\accessors-smart-2.4.11.jar;C:\Users\Angel\.m2\repository\org\ow2\asm\asm\9.3\asm-9.3.jar;C:\Users\Angel\.m2\repository\org\assertj\assertj-core\3.24.2\assertj-core-3.24.2.jar;C:\Users\Angel\.m2\repository\org\hamcrest\hamcrest\2.2\hamcrest-2.2.jar;C:\Users\Angel\.m2\repository\org\junit\jupiter\junit-jupiter\5.9.3\junit-jupiter-5.9.3.jar;C:\Users\Angel\.m2\repository\org\junit\jupiter\junit-jupiter-api\5.9.3\junit-jupiter-api-5.9.3.jar;C:\Users\Angel\.m2\repository\org\opentest4j\opentest4j\1.2.0\opentest4j-1.2.0.jar;C:\Users\Angel\.m2\repository\org\junit\platform\junit-platform-commons\1.9.3\junit-platform-commons-1.9.3.jar;C:\Users\Angel\.m2\repository\org\apiguardian\apiguardian-api\1.1.2\apiguardian-api-1.1.2.jar;C:\Users\Angel\.m2\repository\org\junit\jupiter\junit-jupiter-params\5.9.3\junit-jupiter-params-5.9.3.jar;C:\Users\Angel\.m2\repository\org\junit\jupiter\junit-jupiter-engine\5.9.3\junit-jupiter-engine-5.9.3.jar;C:\Users\Angel\.m2\repository\org\junit\platform\junit-platform-engine\1.9.3\junit-platform-engine-1.9.3.jar;C:\Users\Angel\.m2\repository\org\mockito\mockito-core\5.3.1\mockito-core-5.3.1.jar;C:\Users\Angel\.m2\repository\net\bytebuddy\byte-buddy-agent\1.14.9\byte-buddy-agent-1.14.9.jar;C:\Users\Angel\.m2\repository\org\objenesis\objenesis\3.3\objenesis-3.3.jar;C:\Users\Angel\.m2\repository\org\mockito\mockito-junit-jupiter\5.3.1\mockito-junit-jupiter-5.3.1.jar;C:\Users\Angel\.m2\repository\org\skyscreamer\jsonassert\1.5.1\jsonassert-1.5.1.jar;C:\Users\Angel\.m2\repository\com\vaadin\external\google\android-json\0.0.20131108.vaadin1\android-json-0.0.20131108.vaadin1.jar;C:\Users\Angel\.m2\repository\org\springframework\spring-core\6.0.13\spring-core-6.0.13.jar;C:\Users\Angel\.m2\repository\org\springframework\spring-jcl\6.0.13\spring-jcl-6.0.13.jar;C:\Users\Angel\.m2\repository\org\springframework\spring-test\6.0.13\spring-test-6.0.13.jar;C:\Users\Angel\.m2\repository\org\xmlunit\xmlunit-core\2.9.1\xmlunit-core-2.9.1.jar;C:\Users\Angel\.m2\repository\com\fasterxml\jackson\dataformat\jackson-dataformat-xml\2.15.3\jackson-dataformat-xml-2.15.3.jar;C:\Users\Angel\.m2\repository\com\fasterxml\jackson\core\jackson-core\2.15.3\jackson-core-2.15.3.jar;C:\Users\Angel\.m2\repository\com\fasterxml\jackson\core\jackson-annotations\2.15.3\jackson-annotations-2.15.3.jar;C:\Users\Angel\.m2\repository\com\fasterxml\jackson\core\jackson-databind\2.15.3\jackson-databind-2.15.3.jar;C:\Users\Angel\.m2\repository\org\codehaus\woodstox\stax2-api\4.2.1\stax2-api-4.2.1.jar;C:\Users\Angel\.m2\repository\com\fasterxml\woodstox\woodstox-core\6.5.1\woodstox-core-6.5.1.jar;"/>
    <property name="java.vm.vendor" value="Oracle Corporation"/>
    <property name="sun.arch.data.model" value="64"/>
    <property name="user.variant" value=""/>
    <property name="java.vendor.url" value="https://java.oracle.com/"/>
    <property name="user.timezone" value="America/Lima"/>
    <property name="org.jboss.logging.provider" value="slf4j"/>
    <property name="os.name" value="Windows 10"/>
    <property name="java.vm.specification.version" value="17"/>
    <property name="sun.java.launcher" value="SUN_STANDARD"/>
    <property name="user.country" value="PE"/>
    <property name="sun.boot.library.path" value="C:\Program Files\Java\jdk-17\bin"/>
    <property name="sun.java.command" value="C:\Users\Angel\AppData\Local\Temp\surefire16525038256007609011\surefirebooter-20231023174217826_3.jar C:\Users\Angel\AppData\Local\Temp\surefire16525038256007609011 2023-10-23T17-42-17_686-jvmRun1 surefire-20231023174217826_1tmp surefire_0-20231023174217826_2tmp"/>
    <property name="jdk.debug" value="release"/>
    <property name="surefire.test.class.path" value="D:\Xpedition-Trainee-Backend\colors-mysql\target\test-classes;D:\Xpedition-Trainee-Backend\colors-mysql\target\classes;C:\Users\Angel\.m2\repository\org\springframework\boot\spring-boot-starter-data-jpa\3.1.5\spring-boot-starter-data-jpa-3.1.5.jar;C:\Users\Angel\.m2\repository\org\springframework\boot\spring-boot-starter-aop\3.1.5\spring-boot-starter-aop-3.1.5.jar;C:\Users\Angel\.m2\repository\org\springframework\spring-aop\6.0.13\spring-aop-6.0.13.jar;C:\Users\Angel\.m2\repository\org\aspectj\aspectjweaver\1.9.20\aspectjweaver-1.9.20.jar;C:\Users\Angel\.m2\repository\org\springframework\boot\spring-boot-starter-jdbc\3.1.5\spring-boot-starter-jdbc-3.1.5.jar;C:\Users\Angel\.m2\repository\com\zaxxer\HikariCP\5.0.1\HikariCP-5.0.1.jar;C:\Users\Angel\.m2\repository\org\springframework\spring-jdbc\6.0.13\spring-jdbc-6.0.13.jar;C:\Users\Angel\.m2\repository\org\hibernate\orm\hibernate-core\6.2.13.Final\hibernate-core-6.2.13.Final.jar;C:\Users\Angel\.m2\repository\jakarta\persistence\jakarta.persistence-api\3.1.0\jakarta.persistence-api-3.1.0.jar;C:\Users\Angel\.m2\repository\jakarta\transaction\jakarta.transaction-api\2.0.1\jakarta.transaction-api-2.0.1.jar;C:\Users\Angel\.m2\repository\org\jboss\logging\jboss-logging\3.5.3.Final\jboss-logging-3.5.3.Final.jar;C:\Users\Angel\.m2\repository\org\hibernate\common\hibernate-commons-annotations\6.0.6.Final\hibernate-commons-annotations-6.0.6.Final.jar;C:\Users\Angel\.m2\repository\io\smallrye\jandex\3.0.5\jandex-3.0.5.jar;C:\Users\Angel\.m2\repository\com\fasterxml\classmate\1.5.1\classmate-1.5.1.jar;C:\Users\Angel\.m2\repository\net\bytebuddy\byte-buddy\1.14.9\byte-buddy-1.14.9.jar;C:\Users\Angel\.m2\repository\org\glassfish\jaxb\jaxb-runtime\4.0.3\jaxb-runtime-4.0.3.jar;C:\Users\Angel\.m2\repository\org\glassfish\jaxb\jaxb-core\4.0.3\jaxb-core-4.0.3.jar;C:\Users\Angel\.m2\repository\org\eclipse\angus\angus-activation\2.0.1\angus-activation-2.0.1.jar;C:\Users\Angel\.m2\repository\org\glassfish\jaxb\txw2\4.0.3\txw2-4.0.3.jar;C:\Users\Angel\.m2\repository\com\sun\istack\istack-commons-runtime\4.1.2\istack-commons-runtime-4.1.2.jar;C:\Users\Angel\.m2\repository\jakarta\inject\jakarta.inject-api\2.0.1\jakarta.inject-api-2.0.1.jar;C:\Users\Angel\.m2\repository\org\antlr\antlr4-runtime\4.10.1\antlr4-runtime-4.10.1.jar;C:\Users\Angel\.m2\repository\org\springframework\data\spring-data-jpa\3.1.5\spring-data-jpa-3.1.5.jar;C:\Users\Angel\.m2\repository\org\springframework\data\spring-data-commons\3.1.5\spring-data-commons-3.1.5.jar;C:\Users\Angel\.m2\repository\org\springframework\spring-orm\6.0.13\spring-orm-6.0.13.jar;C:\Users\Angel\.m2\repository\org\springframework\spring-context\6.0.13\spring-context-6.0.13.jar;C:\Users\Angel\.m2\repository\org\springframework\spring-tx\6.0.13\spring-tx-6.0.13.jar;C:\Users\Angel\.m2\repository\org\springframework\spring-beans\6.0.13\spring-beans-6.0.13.jar;C:\Users\Angel\.m2\repository\jakarta\annotation\jakarta.annotation-api\2.1.1\jakarta.annotation-api-2.1.1.jar;C:\Users\Angel\.m2\repository\org\slf4j\slf4j-api\2.0.9\slf4j-api-2.0.9.jar;C:\Users\Angel\.m2\repository\org\springframework\spring-aspects\6.0.13\spring-aspects-6.0.13.jar;C:\Users\Angel\.m2\repository\org\springframework\boot\spring-boot-starter-validation\3.1.5\spring-boot-starter-validation-3.1.5.jar;C:\Users\Angel\.m2\repository\org\springframework\boot\spring-boot-starter\3.1.5\spring-boot-starter-3.1.5.jar;C:\Users\Angel\.m2\repository\org\springframework\boot\spring-boot\3.1.5\spring-boot-3.1.5.jar;C:\Users\Angel\.m2\repository\org\springframework\boot\spring-boot-autoconfigure\3.1.5\spring-boot-autoconfigure-3.1.5.jar;C:\Users\Angel\.m2\repository\org\springframework\boot\spring-boot-starter-logging\3.1.5\spring-boot-starter-logging-3.1.5.jar;C:\Users\Angel\.m2\repository\ch\qos\logback\logback-classic\1.4.11\logback-classic-1.4.11.jar;C:\Users\Angel\.m2\repository\ch\qos\logback\logback-core\1.4.11\logback-core-1.4.11.jar;C:\Users\Angel\.m2\repository\org\apache\logging\log4j\log4j-to-slf4j\2.20.0\log4j-to-slf4j-2.20.0.jar;C:\Users\Angel\.m2\repository\org\apache\logging\log4j\log4j-api\2.20.0\log4j-api-2.20.0.jar;C:\Users\Angel\.m2\repository\org\slf4j\jul-to-slf4j\2.0.9\jul-to-slf4j-2.0.9.jar;C:\Users\Angel\.m2\repository\org\yaml\snakeyaml\1.33\snakeyaml-1.33.jar;C:\Users\Angel\.m2\repository\org\apache\tomcat\embed\tomcat-embed-el\10.1.15\tomcat-embed-el-10.1.15.jar;C:\Users\Angel\.m2\repository\org\hibernate\validator\hibernate-validator\8.0.1.Final\hibernate-validator-8.0.1.Final.jar;C:\Users\Angel\.m2\repository\jakarta\validation\jakarta.validation-api\3.0.2\jakarta.validation-api-3.0.2.jar;C:\Users\Angel\.m2\repository\org\springframework\boot\spring-boot-starter-web\3.1.5\spring-boot-starter-web-3.1.5.jar;C:\Users\Angel\.m2\repository\org\springframework\boot\spring-boot-starter-json\3.1.5\spring-boot-starter-json-3.1.5.jar;C:\Users\Angel\.m2\repository\com\fasterxml\jackson\datatype\jackson-datatype-jdk8\2.15.3\jackson-datatype-jdk8-2.15.3.jar;C:\Users\Angel\.m2\repository\com\fasterxml\jackson\datatype\jackson-datatype-jsr310\2.15.3\jackson-datatype-jsr310-2.15.3.jar;C:\Users\Angel\.m2\repository\com\fasterxml\jackson\module\jackson-module-parameter-names\2.15.3\jackson-module-parameter-names-2.15.3.jar;C:\Users\Angel\.m2\repository\org\springframework\boot\spring-boot-starter-tomcat\3.1.5\spring-boot-starter-tomcat-3.1.5.jar;C:\Users\Angel\.m2\repository\org\apache\tomcat\embed\tomcat-embed-core\10.1.15\tomcat-embed-core-10.1.15.jar;C:\Users\Angel\.m2\repository\org\apache\tomcat\embed\tomcat-embed-websocket\10.1.15\tomcat-embed-websocket-10.1.15.jar;C:\Users\Angel\.m2\repository\org\springframework\spring-web\6.0.13\spring-web-6.0.13.jar;C:\Users\Angel\.m2\repository\io\micrometer\micrometer-observation\1.11.5\micrometer-observation-1.11.5.jar;C:\Users\Angel\.m2\repository\io\micrometer\micrometer-commons\1.11.5\micrometer-commons-1.11.5.jar;C:\Users\Angel\.m2\repository\org\springframework\spring-webmvc\6.0.13\spring-webmvc-6.0.13.jar;C:\Users\Angel\.m2\repository\org\springframework\spring-expression\6.0.13\spring-expression-6.0.13.jar;C:\Users\Angel\.m2\repository\com\mysql\mysql-connector-j\8.0.33\mysql-connector-j-8.0.33.jar;C:\Users\Angel\.m2\repository\org\projectlombok\lombok\1.18.30\lombok-1.18.30.jar;C:\Users\Angel\.m2\repository\org\springframework\boot\spring-boot-starter-test\3.1.5\spring-boot-starter-test-3.1.5.jar;C:\Users\Angel\.m2\repository\org\springframework\boot\spring-boot-test\3.1.5\spring-boot-test-3.1.5.jar;C:\Users\Angel\.m2\repository\org\springframework\boot\spring-boot-test-autoconfigure\3.1.5\spring-boot-test-autoconfigure-3.1.5.jar;C:\Users\Angel\.m2\repository\com\jayway\jsonpath\json-path\2.8.0\json-path-2.8.0.jar;C:\Users\Angel\.m2\repository\jakarta\xml\bind\jakarta.xml.bind-api\4.0.1\jakarta.xml.bind-api-4.0.1.jar;C:\Users\Angel\.m2\repository\jakarta\activation\jakarta.activation-api\2.1.2\jakarta.activation-api-2.1.2.jar;C:\Users\Angel\.m2\repository\net\minidev\json-smart\2.4.11\json-smart-2.4.11.jar;C:\Users\Angel\.m2\repository\net\minidev\accessors-smart\2.4.11\accessors-smart-2.4.11.jar;C:\Users\Angel\.m2\repository\org\ow2\asm\asm\9.3\asm-9.3.jar;C:\Users\Angel\.m2\repository\org\assertj\assertj-core\3.24.2\assertj-core-3.24.2.jar;C:\Users\Angel\.m2\repository\org\hamcrest\hamcrest\2.2\hamcrest-2.2.jar;C:\Users\Angel\.m2\repository\org\junit\jupiter\junit-jupiter\5.9.3\junit-jupiter-5.9.3.jar;C:\Users\Angel\.m2\repository\org\junit\jupiter\junit-jupiter-api\5.9.3\junit-jupiter-api-5.9.3.jar;C:\Users\Angel\.m2\repository\org\opentest4j\opentest4j\1.2.0\opentest4j-1.2.0.jar;C:\Users\Angel\.m2\repository\org\junit\platform\junit-platform-commons\1.9.3\junit-platform-commons-1.9.3.jar;C:\Users\Angel\.m2\repository\org\apiguardian\apiguardian-api\1.1.2\apiguardian-api-1.1.2.jar;C:\Users\Angel\.m2\repository\org\junit\jupiter\junit-jupiter-params\5.9.3\junit-jupiter-params-5.9.3.jar;C:\Users\Angel\.m2\repository\org\junit\jupiter\junit-jupiter-engine\5.9.3\junit-jupiter-engine-5.9.3.jar;C:\Users\Angel\.m2\repository\org\junit\platform\junit-platform-engine\1.9.3\junit-platform-engine-1.9.3.jar;C:\Users\Angel\.m2\repository\org\mockito\mockito-core\5.3.1\mockito-core-5.3.1.jar;C:\Users\Angel\.m2\repository\net\bytebuddy\byte-buddy-agent\1.14.9\byte-buddy-agent-1.14.9.jar;C:\Users\Angel\.m2\repository\org\objenesis\objenesis\3.3\objenesis-3.3.jar;C:\Users\Angel\.m2\repository\org\mockito\mockito-junit-jupiter\5.3.1\mockito-junit-jupiter-5.3.1.jar;C:\Users\Angel\.m2\repository\org\skyscreamer\jsonassert\1.5.1\jsonassert-1.5.1.jar;C:\Users\Angel\.m2\repository\com\vaadin\external\google\android-json\0.0.20131108.vaadin1\android-json-0.0.20131108.vaadin1.jar;C:\Users\Angel\.m2\repository\org\springframework\spring-core\6.0.13\spring-core-6.0.13.jar;C:\Users\Angel\.m2\repository\org\springframework\spring-jcl\6.0.13\spring-jcl-6.0.13.jar;C:\Users\Angel\.m2\repository\org\springframework\spring-test\6.0.13\spring-test-6.0.13.jar;C:\Users\Angel\.m2\repository\org\xmlunit\xmlunit-core\2.9.1\xmlunit-core-2.9.1.jar;C:\Users\Angel\.m2\repository\com\fasterxml\jackson\dataformat\jackson-dataformat-xml\2.15.3\jackson-dataformat-xml-2.15.3.jar;C:\Users\Angel\.m2\repository\com\fasterxml\jackson\core\jackson-core\2.15.3\jackson-core-2.15.3.jar;C:\Users\Angel\.m2\repository\com\fasterxml\jackson\core\jackson-annotations\2.15.3\jackson-annotations-2.15.3.jar;C:\Users\Angel\.m2\repository\com\fasterxml\jackson\core\jackson-databind\2.15.3\jackson-databind-2.15.3.jar;C:\Users\Angel\.m2\repository\org\codehaus\woodstox\stax2-api\4.2.1\stax2-api-4.2.1.jar;C:\Users\Angel\.m2\repository\com\fasterxml\woodstox\woodstox-core\6.5.1\woodstox-core-6.5.1.jar;"/>
    <property name="sun.cpu.endian" value="little"/>
    <property name="user.home" value="C:\Users\Angel"/>
    <property name="user.language" value="es"/>
    <property name="java.specification.vendor" value="Oracle Corporation"/>
    <property name="java.version.date" value="2023-01-17"/>
    <property name="java.home" value="C:\Program Files\Java\jdk-17"/>
    <property name="file.separator" value="\"/>
    <property name="basedir" value="D:\Xpedition-Trainee-Backend\colors-mysql"/>
    <property name="java.vm.compressedOopsMode" value="Zero based"/>
    <property name="line.separator" value="&#10;"/>
    <property name="java.vm.specification.vendor" value="Oracle Corporation"/>
    <property name="java.specification.name" value="Java Platform API Specification"/>
    <property name="FILE_LOG_CHARSET" value="windows-1252"/>
    <property name="java.awt.headless" value="true"/>
    <property name="surefire.real.class.path" value="C:\Users\Angel\AppData\Local\Temp\surefire16525038256007609011\surefirebooter-20231023174217826_3.jar"/>
    <property name="user.script" value=""/>
    <property name="sun.management.compiler" value="HotSpot 64-Bit Tiered Compilers"/>
    <property name="java.runtime.version" value="17.0.6+9-LTS-190"/>
    <property name="user.name" value="Angel"/>
    <property name="path.separator" value=";"/>
    <property name="os.version" value="10.0"/>
    <property name="java.runtime.name" value="Java(TM) SE Runtime Environment"/>
    <property name="file.encoding" value="Cp1252"/>
    <property name="java.vm.name" value="Java HotSpot(TM) 64-Bit Server VM"/>
    <property name="localRepository" value="C:\Users\Angel\.m2\repository"/>
    <property name="java.vendor.url.bug" value="https://bugreport.java.com/bugreport/"/>
    <property name="java.io.tmpdir" value="C:\Users\Angel\AppData\Local\Temp\"/>
    <property name="com.zaxxer.hikari.pool_number" value="1"/>
    <property name="java.version" value="17.0.6"/>
    <property name="user.dir" value="D:\Xpedition-Trainee-Backend\colors-mysql"/>
    <property name="os.arch" value="amd64"/>
    <property name="java.vm.specification.name" value="Java Virtual Machine Specification"/>
    <property name="PID" value="16708"/>
    <property name="sun.os.patch.level" value=""/>
    <property name="CONSOLE_LOG_CHARSET" value="windows-1252"/>
    <property name="native.encoding" value="Cp1252"/>
    <property name="java.library.path" value="C:\Program Files\Java\jdk-17\bin;C:\WINDOWS\Sun\Java\bin;C:\WINDOWS\system32;C:\WINDOWS;C:\Python311\Scripts\;C:\Python311\;C:\Program Files\Java\jdk-17\bin;C:\Program Files\Common Files\Oracle\Java\javapath;C:\Program Files (x86)\Common Files\Oracle\Java\javapath;C:\WINDOWS\system32;C:\WINDOWS;C:\WINDOWS\System32\Wbem;C:\WINDOWS\System32\WindowsPowerShell\v1.0\;C:\WINDOWS\System32\OpenSSH\;D:\Git\cmd;D:\SQL_Server\Shared\Client SDK\ODBC\130\Tools\Binn\;D:\SQL_Server\SharedX86\140\Tools\Binn\;D:\SQL_Server\Shared\140\Tools\Binn\;D:\SQL_Server\Shared\140\DTS\Binn\;D:\SQL_Server\Shared\Client SDK\ODBC\170\Tools\Binn\;D:\SQL_Server\SharedX86\150\Tools\Binn\;D:\SQL_Server\Shared\150\Tools\Binn\;D:\SQL_Server\Shared\150\DTS\Binn\;D:\SQL_Server\SharedX86\150\DTS\Binn\;C:\ProgramData\chocolatey\bin;C:\Program Files\Docker\Docker\resources\bin;D:\Apache-Ant\apache-ant-1.10.13\bin;D:\Apache-Maven\apache-maven-3.9.3\bin;D:\NodeJs\;C:\Program Files\MongoDB\Server\6.0\bin\bin;C:\Program Files\MySQL\MySQL Shell 8.0\bin\;C:\WINDOWS\system32;C:\Users\Angel\AppData\Local\Microsoft\WindowsApps;C:\Users\Angel\AppData\Local\Programs\Microsoft VS Code\bin;C:\Users\Angel\Desktop\w64devkit\bin;C:\Program Files\Java\jdk-17\bin;D:\Apache-Maven\apache-maven-3.9.3\bin;C:\Program Files\Azure Data Studio\bin;C:\Users\Angel\AppData\Local\spicetify;C:\Users\Angel\Documents\SQLite v3.40.1;D:\IntelliJ Idea\Community\IntelliJ IDEA Community Edition 2023.1\bin;;D:\Apache-Ant\apache-ant-1.10.13\bin;C:\Users\Angel\AppData\Roaming\npm;C:\Program Files\MongoDB\Server\6.0\bin;;."/>
    <property name="java.vm.info" value="mixed mode, sharing"/>
    <property name="java.vendor" value="Oracle Corporation"/>
    <property name="java.vm.version" value="17.0.6+9-LTS-190"/>
    <property name="sun.io.unicode.encoding" value="UnicodeLittle"/>
    <property name="java.class.version" value="61.0"/>
  </properties>
  <testcase name="contextLoads" classname="com.trainee.colors.ColorsMysqlApplicationTests" time="0.473">
    <system-out><![CDATA[17:42:18.752 [main] INFO org.springframework.test.context.support.AnnotationConfigContextLoaderUtils -- Could not detect default configuration classes for test class [com.trainee.colors.ColorsMysqlApplicationTests]: ColorsMysqlApplicationTests does not declare any static, non-private, non-final, nested classes annotated with @Configuration.
17:42:18.860 [main] INFO org.springframework.boot.test.context.SpringBootTestContextBootstrapper -- Found @SpringBootConfiguration com.trainee.colors.ColorsMysqlApplication for test class com.trainee.colors.ColorsMysqlApplicationTests

  .   ____          _            __ _ _
 /\\ / ___'_ __ _ _(_)_ __  __ _ \ \ \ \
( ( )\___ | '_ | '_| | '_ \/ _` | \ \ \ \
 \\/  ___)| |_)| | | | | || (_| |  ) ) ) )
  '  |____| .__|_| |_|_| |_\__, | / / / /
 =========|_|==============|___/=/_/_/_/
 :: Spring Boot ::                (v3.1.5)

2023-10-23T17:42:19.323-05:00  INFO 16708 --- [           main] c.t.colors.ColorsMysqlApplicationTests   : Starting ColorsMysqlApplicationTests using Java 17.0.6 with PID 16708 (started by Angel in D:\Xpedition-Trainee-Backend\colors-mysql)
2023-10-23T17:42:19.324-05:00  INFO 16708 --- [           main] c.t.colors.ColorsMysqlApplicationTests   : No active profile set, falling back to 1 default profile: "default"
2023-10-23T17:42:19.906-05:00  INFO 16708 --- [           main] .s.d.r.c.RepositoryConfigurationDelegate : Bootstrapping Spring Data JPA repositories in DEFAULT mode.
2023-10-23T17:42:19.953-05:00  INFO 16708 --- [           main] .s.d.r.c.RepositoryConfigurationDelegate : Finished Spring Data repository scanning in 41 ms. Found 1 JPA repository interfaces.
2023-10-23T17:42:20.352-05:00  INFO 16708 --- [           main] o.hibernate.jpa.internal.util.LogHelper  : HHH000204: Processing PersistenceUnitInfo [name: default]
2023-10-23T17:42:20.400-05:00  INFO 16708 --- [           main] org.hibernate.Version                    : HHH000412: Hibernate ORM core version 6.2.13.Final
2023-10-23T17:42:20.401-05:00  INFO 16708 --- [           main] org.hibernate.cfg.Environment            : HHH000406: Using bytecode reflection optimizer
2023-10-23T17:42:20.700-05:00  INFO 16708 --- [           main] o.s.o.j.p.SpringPersistenceUnitInfo      : No LoadTimeWeaver setup: ignoring JPA class transformer
2023-10-23T17:42:20.730-05:00  INFO 16708 --- [           main] com.zaxxer.hikari.HikariDataSource       : HikariPool-1 - Starting...
2023-10-23T17:42:21.067-05:00  INFO 16708 --- [           main] com.zaxxer.hikari.pool.HikariPool        : HikariPool-1 - Added connection com.mysql.cj.jdbc.ConnectionImpl@2ab9e43e
2023-10-23T17:42:21.069-05:00  INFO 16708 --- [           main] com.zaxxer.hikari.HikariDataSource       : HikariPool-1 - Start completed.
2023-10-23T17:42:21.108-05:00  WARN 16708 --- [           main] org.hibernate.orm.deprecation            : HHH90000025: MySQL8Dialect does not need to be specified explicitly using 'hibernate.dialect' (remove the property setting and it will be selected by default)
2023-10-23T17:42:21.109-05:00  WARN 16708 --- [           main] org.hibernate.orm.deprecation            : HHH90000026: MySQL8Dialect has been deprecated; use org.hibernate.dialect.MySQLDialect instead
2023-10-23T17:42:21.816-05:00  INFO 16708 --- [           main] o.h.e.t.j.p.i.JtaPlatformInitiator       : HHH000489: No JTA platform available (set 'hibernate.transaction.jta.platform' to enable JTA platform integration)
Hibernate: drop table if exists colors
Hibernate: create table colors (created_on datetime(6), id bigint not null auto_increment, last_updated_on datetime(6), color varchar(255), name varchar(255), pantone varchar(255), primary key (id)) engine=InnoDB
Hibernate: INSERT INTO colors (name, color, pantone, created_on, last_updated_on) VALUES ('Color 1', '#FF5733', '12-3456', '2023-08-15 09:15:00', '2023-08-17 08:23:00')
Hibernate: INSERT INTO colors (name, color, pantone, created_on, last_updated_on) VALUES ('Color 2', '#45A4F2', '98-7654', '2023-08-03 06:39:00', '2023-08-05 03:43:00')
Hibernate: INSERT INTO colors (name, color, pantone, created_on, last_updated_on) VALUES ('Color 3', '#C0FFEE', '11-1111', '2023-09-20 04:59:00', '2023-09-25 05:45:00')
Hibernate: INSERT INTO colors (name, color, pantone, created_on, last_updated_on) VALUES ('Color 4', '#123456', '23-9876', '2023-09-02 05:23:00', '2023-09-10 06:24:00')
Hibernate: INSERT INTO colors (name, color, pantone, created_on, last_updated_on) VALUES ('Color 5', '#FACADE', '34-5678', '2023-08-20 09:43:00', '2023-08-28 07:27:00')
Hibernate: INSERT INTO colors (name, color, pantone, created_on, last_updated_on) VALUES ('Color 6', '#AABBCC', '67-1234', '2023-08-06 03:54:00', '2023-08-08 08:42:00')
Hibernate: INSERT INTO colors (name, color, pantone, created_on, last_updated_on) VALUES ('Color 7', '#0099FF', '45-6789', '2023-09-15 12:34:00', '2023-09-29 09:34:00')
Hibernate: INSERT INTO colors (name, color, pantone, created_on, last_updated_on) VALUES ('Color 8', '#FF9900', '12-3456', '2023-08-15 18:56:00', '2023-08-17 02:35:00')
Hibernate: INSERT INTO colors (name, color, pantone, created_on, last_updated_on) VALUES ('Color 9', '#660066', '98-7654', '2023-09-01 15:54:00', '2023-09-08 02:26:00')
Hibernate: INSERT INTO colors (name, color, pantone, created_on, last_updated_on) VALUES ('Color 10', '#FF5733', '45-6789', '2023-09-10 16:56:00', '2023-09-12 17:36:00')
Hibernate: INSERT INTO colors (name, color, pantone, created_on, last_updated_on) VALUES ('Color 11', '#45A4F2', '98-7654', '2023-08-18 03:04:00', '2023-09-25 16:27:00')
Hibernate: INSERT INTO colors (name, color, pantone, created_on, last_updated_on) VALUES ('Color 12', '#C0FFEE', '11-1111', '2023-08-13 04:32:00', '2023-09-15 15:35:00')
Hibernate: INSERT INTO colors (name, color, pantone, created_on, last_updated_on) VALUES ('Color 13', '#123456', '23-9876', '2023-08-27 06:12:00', '2023-09-11 13:32:00')
Hibernate: INSERT INTO colors (name, color, pantone, created_on, last_updated_on) VALUES ('Color 14', '#FACADE', '34-5678', '2023-08-13 07:17:00', '2023-08-22 12:54:00')
Hibernate: INSERT INTO colors (name, color, pantone, created_on, last_updated_on) VALUES ('Color 15', '#AABBCC', '67-1234', '2023-09-23 08:30:00', '2023-09-26 12:42:00')
Hibernate: INSERT INTO colors (name, color, pantone, created_on, last_updated_on) VALUES ('Color 16', '#0099FF', '45-6789', '2023-08-04 05:53:00', '2023-09-07 18:46:00')
Hibernate: INSERT INTO colors (name, color, pantone, created_on, last_updated_on) VALUES ('Color 17', '#FF9900', '12-3456', '2023-08-30 03:34:00', '2023-09-02 15:34:00')
Hibernate: INSERT INTO colors (name, color, pantone, created_on, last_updated_on) VALUES ('Color 18', '#660066', '98-7654', '2023-08-19 12:35:00', '2023-09-20 07:37:00')
Hibernate: INSERT INTO colors (name, color, pantone, created_on, last_updated_on) VALUES ('Color 19', '#FF5733', '45-6789', '2023-09-19 01:13:00', '2023-09-23 05:45:00')
Hibernate: INSERT INTO colors (name, color, pantone, created_on, last_updated_on) VALUES ('Color 20', '#45A4F2', '98-7654', '2023-08-14 15:36:00', '2023-09-22 04:37:00')
Hibernate: INSERT INTO colors (name, color, pantone, created_on, last_updated_on) VALUES ('Color 21', '#C0FFEE', '11-1111', '2023-09-03 16:26:00', '2023-09-24 07:46:00')
Hibernate: INSERT INTO colors (name, color, pantone, created_on, last_updated_on) VALUES ('Color 22', '#123456', '23-9876', '2023-08-07 18:23:00', '2023-09-02 06:36:00')
Hibernate: INSERT INTO colors (name, color, pantone, created_on, last_updated_on) VALUES ('Color 23', '#FACADE', '34-5678', '2023-09-17 03:54:00', '2023-09-29 04:42:00')
Hibernate: INSERT INTO colors (name, color, pantone, created_on, last_updated_on) VALUES ('Color 24', '#AABBCC', '67-1234', '2023-09-03 04:12:00', '2023-09-21 03:32:00')
Hibernate: INSERT INTO colors (name, color, pantone, created_on, last_updated_on) VALUES ('Color 25', '#0099FF', '45-6789', '2023-08-14 06:15:00', '2023-08-24 12:45:00')
Hibernate: INSERT INTO colors (name, color, pantone, created_on, last_updated_on) VALUES ('Color 26', '#FF9900', '12-3456', '2023-08-11 02:36:00', '2023-09-06 17:23:00')
Hibernate: INSERT INTO colors (name, color, pantone, created_on, last_updated_on) VALUES ('Color 27', '#660066', '98-7654', '2023-08-01 04:26:00', '2023-08-11 16:45:00')
Hibernate: INSERT INTO colors (name, color, pantone, created_on, last_updated_on) VALUES ('Color 28', '#FF5733', '45-6789', '2023-08-07 06:26:00', '2023-08-23 14:23:00')
Hibernate: INSERT INTO colors (name, color, pantone, created_on, last_updated_on) VALUES ('Color 29', '#45A4F2', '98-7654', '2023-09-23 08:23:00', '2023-09-29 18:12:00')
Hibernate: INSERT INTO colors (name, color, pantone, created_on, last_updated_on) VALUES ('Color 30', '#C0FFEE', '11-1111', '2023-08-21 09:12:00', '2023-09-19 23:13:00')
Hibernate: INSERT INTO colors (name, color, pantone, created_on, last_updated_on) VALUES ('Color 31', '#123456', '23-9876', '2023-08-16 03:34:00', '2023-09-04 12:57:00')
Hibernate: INSERT INTO colors (name, color, pantone, created_on, last_updated_on) VALUES ('Color 32', '#FACADE', '34-5678', '2023-08-18 18:54:00', '2023-08-26 23:23:00')
Hibernate: INSERT INTO colors (name, color, pantone, created_on, last_updated_on) VALUES ('Color 33', '#AABBCC', '67-1234', '2023-08-29 12:23:00', '2023-08-31 06:45:00')
Hibernate: INSERT INTO colors (name, color, pantone, created_on, last_updated_on) VALUES ('Color 34', '#0099FF', '45-6789', '2023-08-21 14:42:00', '2023-08-28 05:26:00')
Hibernate: INSERT INTO colors (name, color, pantone, created_on, last_updated_on) VALUES ('Color 35', '#FF9900', '12-3456', '2023-08-25 16:12:00', '2023-09-16 04:32:00')
Hibernate: INSERT INTO colors (name, color, pantone, created_on, last_updated_on) VALUES ('Color 36', '#660066', '98-7654', '2023-09-16 15:16:00', '2023-09-21 03:46:00')
Hibernate: INSERT INTO colors (name, color, pantone, created_on, last_updated_on) VALUES ('Color 37', '#FF5733', '45-6789', '2023-09-04 17:17:00', '2023-09-27 04:34:00')
Hibernate: INSERT INTO colors (name, color, pantone, created_on, last_updated_on) VALUES ('Color 38', '#45A4F2', '98-7654', '2023-09-12 16:25:00', '2023-09-26 15:23:00')
Hibernate: INSERT INTO colors (name, color, pantone, created_on, last_updated_on) VALUES ('Color 39', '#C0FFEE', '11-1111', '2023-08-24 03:12:00', '2023-09-18 15:56:00')
Hibernate: INSERT INTO colors (name, color, pantone, created_on, last_updated_on) VALUES ('Color 40', '#123456', '23-9876', '2023-09-14 02:23:00', '2023-09-28 17:27:00')
Hibernate: INSERT INTO colors (name, color, pantone, created_on, last_updated_on) VALUES ('Color 41', '#FACADE', '34-5678', '2023-08-14 01:12:00', '2023-09-08 16:43:00')
Hibernate: INSERT INTO colors (name, color, pantone, created_on, last_updated_on) VALUES ('Color 42', '#AABBCC', '67-1234', '2023-08-09 03:16:00', '2023-09-02 14:23:00')
Hibernate: INSERT INTO colors (name, color, pantone, created_on, last_updated_on) VALUES ('Color 43', '#0099FF', '45-6789', '2023-09-05 01:37:00', '2023-09-07 11:54:00')
Hibernate: INSERT INTO colors (name, color, pantone, created_on, last_updated_on) VALUES ('Color 44', '#FF9900', '12-3456', '2023-08-25 03:12:00', '2023-09-24 12:44:00')
Hibernate: INSERT INTO colors (name, color, pantone, created_on, last_updated_on) VALUES ('Color 45', '#660066', '98-7654', '2023-08-19 08:35:00', '2023-09-09 12:35:00')
Hibernate: INSERT INTO colors (name, color, pantone, created_on, last_updated_on) VALUES ('Color 46', '#FF5733', '45-6789', '2023-08-12 05:15:00', '2023-09-11 07:54:00')
Hibernate: INSERT INTO colors (name, color, pantone, created_on, last_updated_on) VALUES ('Color 47', '#45A4F2', '98-7654', '2023-08-23 07:26:00', '2023-09-22 06:56:00')
Hibernate: INSERT INTO colors (name, color, pantone, created_on, last_updated_on) VALUES ('Color 48', '#C0FFEE', '11-1111', '2023-08-04 08:46:00', '2023-08-30 05:37:00')
Hibernate: INSERT INTO colors (name, color, pantone, created_on, last_updated_on) VALUES ('Color 49', '#123456', '23-9876', '2023-09-13 09:17:00', '2023-09-28 06:56:00')
Hibernate: INSERT INTO colors (name, color, pantone, created_on, last_updated_on) VALUES ('Color 50', '#FACADE', '34-5678', '2023-08-23 10:23:00', '2023-09-27 04:43:00')
Hibernate: INSERT INTO colors (name, color, pantone, created_on, last_updated_on) VALUES ('Color 51', '#AABBCC', '67-1234', '2023-09-21 11:16:00', '2023-09-26 14:23:00')
Hibernate: INSERT INTO colors (name, color, pantone, created_on, last_updated_on) VALUES ('Color 52', '#0099FF', '45-6789', '2023-08-16 12:23:00', '2023-09-05 18:56:00')
Hibernate: INSERT INTO colors (name, color, pantone, created_on, last_updated_on) VALUES ('Color 53', '#FF9900', '12-3456', '2023-08-05 18:45:00', '2023-09-28 05:34:00')
Hibernate: INSERT INTO colors (name, color, pantone, created_on, last_updated_on) VALUES ('Color 54', '#660066', '98-7654', '2023-09-13 02:34:00', '2023-09-17 05:23:00')
Hibernate: INSERT INTO colors (name, color, pantone, created_on, last_updated_on) VALUES ('Color 55', '#FF5733', '45-6789', '2023-09-06 01:21:00', '2023-09-27 07:57:00')
Hibernate: INSERT INTO colors (name, color, pantone, created_on, last_updated_on) VALUES ('Color 56', '#45A4F2', '98-7654', '2023-08-10 12:32:00', '2023-08-31 02:54:00')
Hibernate: INSERT INTO colors (name, color, pantone, created_on, last_updated_on) VALUES ('Color 57', '#C0FFEE', '11-1111', '2023-08-01 23:12:00', '2023-08-20 03:34:00')
Hibernate: INSERT INTO colors (name, color, pantone, created_on, last_updated_on) VALUES ('Color 58', '#123456', '23-9876', '2023-08-23 13:45:00', '2023-09-18 03:23:00')
Hibernate: INSERT INTO colors (name, color, pantone, created_on, last_updated_on) VALUES ('Color 59', '#FACADE', '34-5678', '2023-08-05 12:36:00', '2023-09-05 02:25:00')
Hibernate: INSERT INTO colors (name, color, pantone, created_on, last_updated_on) VALUES ('Color 60', '#AABBCC', '67-1234', '2023-09-18 11:17:00', '2023-09-27 10:23:00')
2023-10-23T17:42:26.768-05:00  INFO 16708 --- [           main] j.LocalContainerEntityManagerFactoryBean : Initialized JPA EntityManagerFactory for persistence unit 'default'
2023-10-23T17:42:27.199-05:00  WARN 16708 --- [           main] JpaBaseConfiguration$JpaWebConfiguration : spring.jpa.open-in-view is enabled by default. Therefore, database queries may be performed during view rendering. Explicitly configure spring.jpa.open-in-view to disable this warning
2023-10-23T17:42:27.549-05:00  INFO 16708 --- [           main] c.t.colors.ColorsMysqlApplicationTests   : Started ColorsMysqlApplicationTests in 8.478 seconds (process running for 9.611)
]]></system-out>
  </testcase>
</testsuite>